Netflixpp/app/build/intermediates/manifest_merge_blame_file/debug/manifest-merger-blame-debug-report.txt
1<?xml version="1.0" encoding="utf-8"?>
2<manifest xmlns:android="http://schemas.android.com/apk/res/android"
3    package="com.example.myapplication"
4    android:versionCode="1"
5    android:versionName="1.0" >
6
7    <uses-sdk
8        android:minSdkVersion="26"
8-->src/main/AndroidManifest.xml
9        android:targetSdkVersion="33" />
9-->src/main/AndroidManifest.xml
10
11    <uses-permission android:name="android.permission.INTERNET" />
11-->src/main/AndroidManifest.xml:5:5-67
11-->src/main/AndroidManifest.xml:5:22-64
12    <uses-permission android:name="android.permission.ACCESS_NETWORK_STATE" />
12-->src/main/AndroidManifest.xml:6:5-79
12-->src/main/AndroidManifest.xml:6:22-76
13    <uses-permission android:name="android.permission.WAKE_LOCK" />
13-->src/main/AndroidManifest.xml:7:5-68
13-->src/main/AndroidManifest.xml:7:22-65
14
15    <application
15-->src/main/AndroidManifest.xml:9:5-48:19
16        android:allowBackup="true"
16-->src/main/AndroidManifest.xml:10:9-35
17        android:appComponentFactory="androidx.core.app.CoreComponentFactory"
17-->[androidx.core:core:1.8.0] AndroidManifest.xml:24:18-86
18        android:dataExtractionRules="@xml/data_extraction_rules"
18-->src/main/AndroidManifest.xml:11:9-65
19        android:debuggable="true"
20        android:extractNativeLibs="false"
21        android:fullBackupContent="@xml/backup_rules"
21-->src/main/AndroidManifest.xml:12:9-54
22        android:icon="@mipmap/ic_launcher_icon_rounded"
22-->src/main/AndroidManifest.xml:13:9-56
23        android:label="@string/app_name"
23-->src/main/AndroidManifest.xml:14:9-41
24        android:networkSecurityConfig="@xml/network_security_config"
24-->src/main/AndroidManifest.xml:15:9-69
25        android:roundIcon="@mipmap/ic_launcher_icon_rounded"
25-->src/main/AndroidManifest.xml:16:9-61
26        android:supportsRtl="true"
26-->src/main/AndroidManifest.xml:17:9-35
27        android:testOnly="true"
28        android:theme="@style/Theme.Splash" >
28-->src/main/AndroidManifest.xml:18:9-44
29        <activity
29-->src/main/AndroidManifest.xml:20:9-26:20
30            android:name="com.example.myapplication.PlayActivity"
30-->src/main/AndroidManifest.xml:21:13-41
31            android:exported="false" >
31-->src/main/AndroidManifest.xml:22:13-37
32            <meta-data
32-->src/main/AndroidManifest.xml:23:13-25:36
33                android:name="android.app.lib_name"
33-->src/main/AndroidManifest.xml:24:17-52
34                android:value="" />
34-->src/main/AndroidManifest.xml:25:17-33
35        </activity>
36        <activity
36-->src/main/AndroidManifest.xml:27:9-34:20
37            android:name="com.example.myapplication.MainActivity"
37-->src/main/AndroidManifest.xml:28:13-41
38            android:exported="false"
38-->src/main/AndroidManifest.xml:29:13-37
39            android:theme="@style/Theme.Main" >
39-->src/main/AndroidManifest.xml:30:13-46
40            <meta-data
40-->src/main/AndroidManifest.xml:23:13-25:36
41                android:name="android.app.lib_name"
41-->src/main/AndroidManifest.xml:24:17-52
42                android:value="" />
42-->src/main/AndroidManifest.xml:25:17-33
43        </activity>
44        <activity
44-->src/main/AndroidManifest.xml:35:9-47:20
45            android:name="com.example.myapplication.StartActivity"
45-->src/main/AndroidManifest.xml:36:13-42
46            android:exported="true" >
46-->src/main/AndroidManifest.xml:37:13-36
47            <intent-filter>
47-->src/main/AndroidManifest.xml:38:13-42:29
48                <action android:name="android.intent.action.MAIN" />
48-->src/main/AndroidManifest.xml:39:17-69
48-->src/main/AndroidManifest.xml:39:25-66
49
50                <category android:name="android.intent.category.LAUNCHER" />
50-->src/main/AndroidManifest.xml:41:17-77
50-->src/main/AndroidManifest.xml:41:27-74
51            </intent-filter>
52
53            <meta-data
53-->src/main/AndroidManifest.xml:23:13-25:36
54                android:name="android.app.lib_name"
54-->src/main/AndroidManifest.xml:24:17-52
55                android:value="" />
55-->src/main/AndroidManifest.xml:25:17-33
56        </activity>
57
58        <provider
58-->[androidx.emoji2:emoji2:1.2.0] AndroidManifest.xml:24:9-32:20
59            android:name="androidx.startup.InitializationProvider"
59-->[androidx.emoji2:emoji2:1.2.0] AndroidManifest.xml:25:13-67
60            android:authorities="com.example.myapplication.androidx-startup"
60-->[androidx.emoji2:emoji2:1.2.0] AndroidManifest.xml:26:13-68
61            android:exported="false" >
61-->[androidx.emoji2:emoji2:1.2.0] AndroidManifest.xml:27:13-37
62            <meta-data
62-->[androidx.emoji2:emoji2:1.2.0] AndroidManifest.xml:29:13-31:52
63                android:name="androidx.emoji2.text.EmojiCompatInitializer"
63-->[androidx.emoji2:emoji2:1.2.0] AndroidManifest.xml:30:17-75
64                android:value="androidx.startup" />
64-->[androidx.emoji2:emoji2:1.2.0] AndroidManifest.xml:31:17-49
65            <meta-data
65-->[androidx.lifecycle:lifecycle-process:2.4.1] AndroidManifest.xml:31:13-33:52
66                android:name="androidx.lifecycle.ProcessLifecycleInitializer"
66-->[androidx.lifecycle:lifecycle-process:2.4.1] AndroidManifest.xml:32:17-78
67                android:value="androidx.startup" />
67-->[androidx.lifecycle:lifecycle-process:2.4.1] AndroidManifest.xml:33:17-49
68        </provider>
69    </application>
70
71</manifest>